TN:
SF:src/components/dev/BackendStatus.tsx
FN:7,BackendStatus
FN:11,(anonymous_1)
FN:14,(anonymous_2)
FN:31,(anonymous_3)
FNF:4
FNH:4
FNDA:17,BackendStatus
FNDA:9,(anonymous_1)
FNDA:10,(anonymous_2)
FNDA:9,(anonymous_3)
DA:8,17
DA:9,17
DA:11,17
DA:12,9
DA:14,9
DA:15,10
DA:16,10
DA:17,8
DA:18,7
DA:19,7
DA:20,7
DA:22,1
DA:25,2
DA:29,9
DA:30,9
DA:31,9
DA:34,17
DA:37,17
DA:38,5
DA:39,12
DA:40,9
DA:42,3
DA:45,17
LF:23
LH:23
BRDA:12,0,0,0
BRDA:12,0,1,9
BRDA:17,1,0,7
BRDA:17,1,1,1
BRDA:19,2,0,7
BRDA:19,2,1,2
BRDA:34,3,0,0
BRDA:34,3,1,17
BRDA:37,4,0,5
BRDA:37,4,1,12
BRDA:39,5,0,9
BRDA:39,5,1,3
BRDA:48,6,0,14
BRDA:48,6,1,3
BRF:14
BRH:12
end_of_record
TN:
SF:src/components/dev/DevErrorViewer.tsx
FN:20,DevToolbar
FN:24,(anonymous_1)
FN:32,(anonymous_2)
FN:34,(anonymous_3)
FN:39,(anonymous_4)
FN:46,(anonymous_5)
FN:47,(anonymous_6)
FN:50,(anonymous_7)
FN:62,(anonymous_8)
FN:72,(anonymous_9)
FN:112,(anonymous_10)
FN:119,ErrorViewerModal
FN:126,(anonymous_12)
FN:127,(anonymous_13)
FN:131,(anonymous_14)
FN:132,(anonymous_15)
FN:136,(anonymous_16)
FN:139,(anonymous_17)
FN:142,(anonymous_18)
FN:147,(anonymous_19)
FN:156,(anonymous_20)
FN:157,(anonymous_21)
FN:158,(anonymous_22)
FN:161,(anonymous_23)
FN:166,(anonymous_24)
FN:179,(anonymous_25)
FN:274,(anonymous_26)
FN:290,(anonymous_27)
FN:302,(anonymous_28)
FN:317,(anonymous_29)
FN:333,(anonymous_30)
FN:334,(anonymous_31)
FN:455,(anonymous_32)
FN:519,TypeBadge
FN:538,formatTime
FNF:35
FNH:27
FNDA:38,DevToolbar
FNDA:20,(anonymous_1)
FNDA:20,(anonymous_2)
FNDA:2,(anonymous_3)
FNDA:0,(anonymous_4)
FNDA:20,(anonymous_5)
FNDA:3,(anonymous_6)
FNDA:2,(anonymous_7)
FNDA:20,(anonymous_8)
FNDA:13,(anonymous_9)
FNDA:1,(anonymous_10)
FNDA:16,ErrorViewerModal
FNDA:13,(anonymous_12)
FNDA:1,(anonymous_13)
FNDA:14,(anonymous_14)
FNDA:1,(anonymous_15)
FNDA:14,(anonymous_16)
FNDA:16,(anonymous_17)
FNDA:0,(anonymous_18)
FNDA:4,(anonymous_19)
FNDA:14,(anonymous_20)
FNDA:20,(anonymous_21)
FNDA:8,(anonymous_22)
FNDA:1,(anonymous_23)
FNDA:0,(anonymous_24)
FNDA:0,(anonymous_25)
FNDA:2,(anonymous_26)
FNDA:0,(anonymous_27)
FNDA:24,(anonymous_28)
FNDA:21,(anonymous_29)
FNDA:0,(anonymous_30)
FNDA:0,(anonymous_31)
FNDA:0,(anonymous_32)
FNDA:21,TypeBadge
FNDA:21,formatTime
DA:15,1
DA:16,1
DA:21,38
DA:22,38
DA:23,38
DA:24,38
DA:25,20
DA:26,20
DA:28,0
DA:32,38
DA:33,20
DA:34,20
DA:35,2
DA:36,2
DA:37,2
DA:38,1
DA:39,1
DA:41,2
DA:46,38
DA:47,20
DA:48,3
DA:49,2
DA:50,2
DA:51,2
DA:52,2
DA:53,2
DA:57,2
DA:61,20
DA:62,20
DA:65,38
DA:66,38
DA:68,35
DA:72,13
DA:112,1
DA:120,16
DA:121,16
DA:122,16
DA:123,16
DA:124,16
DA:126,16
DA:127,13
DA:131,16
DA:132,14
DA:133,1
DA:135,14
DA:136,14
DA:139,16
DA:140,16
DA:141,16
DA:142,0
DA:144,16
DA:145,2
DA:146,2
DA:148,4
DA:153,16
DA:156,16
DA:157,20
DA:158,14
DA:161,16
DA:162,1
DA:163,1
DA:166,16
DA:167,0
DA:177,0
DA:178,0
DA:179,0
DA:182,16
DA:274,2
DA:290,0
DA:303,24
DA:318,21
DA:319,21
DA:333,0
DA:335,0
DA:336,0
DA:456,0
DA:457,0
DA:511,1
DA:520,21
DA:521,21
DA:539,21
DA:540,21
DA:541,21
DA:542,21
DA:543,0
DA:544,0
DA:545,0
DA:547,0
LF:88
LH:72
BRDA:37,0,0,1
BRDA:37,0,1,1
BRDA:48,1,0,2
BRDA:48,1,1,1
BRDA:65,2,0,0
BRDA:65,2,1,38
BRDA:66,3,0,3
BRDA:66,3,1,35
BRDA:84,4,0,28
BRDA:84,4,1,7
BRDA:85,5,0,28
BRDA:85,5,1,7
BRDA:86,6,0,28
BRDA:86,6,1,7
BRDA:91,7,0,1
BRDA:91,7,1,34
BRDA:96,8,0,38
BRDA:96,8,1,28
BRDA:112,9,0,38
BRDA:112,9,1,14
BRDA:133,10,0,1
BRDA:133,10,1,0
BRDA:141,11,0,0
BRDA:141,11,1,16
BRDA:144,12,0,2
BRDA:144,12,1,14
BRDA:148,13,0,4
BRDA:148,13,1,3
BRDA:148,13,2,3
BRDA:170,14,0,0
BRDA:170,14,1,0
BRDA:171,15,0,0
BRDA:171,15,1,0
BRDA:172,16,0,0
BRDA:172,16,1,0
BRDA:172,17,0,0
BRDA:172,17,1,0
BRDA:172,18,0,0
BRDA:172,18,1,0
BRDA:312,19,0,3
BRDA:312,19,1,13
BRDA:314,20,0,2
BRDA:314,20,1,1
BRDA:325,21,0,0
BRDA:325,21,1,21
BRDA:326,22,0,0
BRDA:326,22,1,21
BRDA:333,23,0,0
BRDA:333,23,1,0
BRDA:335,24,0,0
BRDA:335,24,1,0
BRDA:335,25,0,0
BRDA:335,25,1,0
BRDA:336,26,0,0
BRDA:336,26,1,0
BRDA:348,27,0,0
BRDA:348,27,1,21
BRDA:366,28,0,0
BRDA:366,28,1,21
BRDA:385,29,0,21
BRDA:385,29,1,0
BRDA:392,30,0,0
BRDA:392,30,1,0
BRDA:395,31,0,0
BRDA:395,31,1,0
BRDA:396,32,0,0
BRDA:396,32,1,0
BRDA:399,33,0,0
BRDA:399,33,1,0
BRDA:421,34,0,0
BRDA:421,34,1,0
BRDA:473,35,0,0
BRDA:473,35,1,0
BRDA:529,36,0,21
BRDA:529,36,1,0
BRDA:530,37,0,21
BRDA:530,37,1,0
BRDA:542,38,0,21
BRDA:542,38,1,0
BRDA:543,39,0,0
BRDA:543,39,1,0
BRDA:544,40,0,0
BRDA:544,40,1,0
BRF:83
BRH:38
end_of_record
TN:
SF:src/components/onboarding/onboardingHelpers.tsx
FN:8,getRuntimeIcon
FN:21,getRuntimeLabel
FN:34,getStatusBadge
FN:69,candidateToConnection
FNF:4
FNH:4
FNDA:5,getRuntimeIcon
FNDA:18,getRuntimeLabel
FNDA:6,getStatusBadge
FNDA:12,candidateToConnection
DA:9,5
DA:11,1
DA:13,1
DA:15,1
DA:17,2
DA:22,18
DA:24,11
DA:26,2
DA:28,2
DA:30,3
DA:35,6
DA:37,1
DA:43,1
DA:49,1
DA:55,1
DA:61,2
DA:74,12
DA:76,12
LF:18
LH:18
BRDA:9,0,0,1
BRDA:9,0,1,1
BRDA:9,0,2,1
BRDA:9,0,3,2
BRDA:22,1,0,11
BRDA:22,1,1,2
BRDA:22,1,2,2
BRDA:22,1,3,3
BRDA:35,2,0,1
BRDA:35,2,1,1
BRDA:35,2,2,1
BRDA:35,2,3,1
BRDA:35,2,4,2
BRDA:74,3,0,12
BRDA:74,3,1,2
BRDA:75,4,0,2
BRDA:75,4,1,1
BRDA:75,5,0,2
BRDA:75,5,1,0
BRDA:78,6,0,12
BRDA:78,6,1,1
BRDA:83,7,0,10
BRDA:83,7,1,2
BRF:23
BRH:22
end_of_record
TN:
SF:src/components/onboarding/steps/StepConfigure.tsx
FN:19,StepConfigure
FN:28,(anonymous_1)
FN:29,(anonymous_2)
FN:47,(anonymous_3)
FN:58,(anonymous_4)
FN:85,(anonymous_5)
FN:94,(anonymous_6)
FN:105,(anonymous_7)
FN:113,(anonymous_8)
FN:135,(anonymous_9)
FN:149,(anonymous_10)
FNF:11
FNH:9
FNDA:24,StepConfigure
FNDA:1,(anonymous_1)
FNDA:1,(anonymous_2)
FNDA:25,(anonymous_3)
FNDA:0,(anonymous_4)
FNDA:1,(anonymous_5)
FNDA:1,(anonymous_6)
FNDA:0,(anonymous_7)
FNDA:1,(anonymous_8)
FNDA:1,(anonymous_9)
FNDA:1,(anonymous_10)
DA:26,24
DA:28,24
DA:29,1
DA:30,1
DA:31,1
DA:32,1
DA:33,1
DA:37,24
DA:48,25
DA:58,0
DA:85,1
DA:94,1
DA:105,0
DA:113,1
DA:135,1
DA:149,1
LF:16
LH:14
BRDA:31,0,0,0
BRDA:31,0,1,1
BRDA:51,1,0,23
BRDA:51,1,1,2
BRDA:67,2,0,25
BRDA:67,2,1,2
BRDA:70,3,0,2
BRDA:70,3,1,1
BRDA:73,4,0,25
BRDA:73,4,1,2
BRDA:103,5,0,1
BRDA:103,5,1,24
BRDA:115,6,0,1
BRDA:115,6,1,24
BRDA:125,7,0,25
BRDA:125,7,1,1
BRDA:136,8,0,25
BRDA:136,8,1,24
BRDA:139,9,0,1
BRDA:139,9,1,24
BRF:20
BRH:19
end_of_record
TN:
SF:src/components/onboarding/steps/StepProgress.tsx
FN:1,StepProgress
FN:4,(anonymous_1)
FN:4,(anonymous_2)
FNF:3
FNH:3
FNDA:8,StepProgress
FNDA:40,(anonymous_1)
FNDA:40,(anonymous_2)
DA:2,8
DA:4,40
DA:5,40
LF:3
LH:3
BRDA:8,0,0,20
BRDA:8,0,1,20
BRF:2
BRH:2
end_of_record
TN:
SF:src/components/onboarding/steps/StepReady.tsx
FN:11,StepReady
FN:12,(anonymous_1)
FN:13,(anonymous_2)
FN:33,(anonymous_3)
FNF:4
FNH:4
FNDA:12,StepReady
FNDA:10,(anonymous_1)
FNDA:9,(anonymous_2)
FNDA:9,(anonymous_3)
DA:12,12
DA:13,12
DA:15,12
DA:34,9
LF:4
LH:4
BRDA:13,0,0,9
BRDA:13,0,1,0
BRDA:31,1,0,12
BRDA:31,1,1,8
BRDA:42,2,0,9
BRDA:42,2,1,9
BRDA:47,3,0,8
BRDA:47,3,1,3
BRDA:49,4,0,1
BRDA:49,4,1,2
BRDA:55,5,0,12
BRDA:55,5,1,4
BRF:12
BRH:11
end_of_record
TN:
SF:src/components/onboarding/steps/StepScan.tsx
FN:27,StepScan
FN:36,(anonymous_1)
FN:43,(anonymous_2)
FN:69,(anonymous_3)
FN:106,(anonymous_4)
FN:118,(anonymous_5)
FN:123,(anonymous_6)
FNF:7
FNH:7
FNDA:21,StepScan
FNDA:12,(anonymous_1)
FNDA:21,(anonymous_2)
FNDA:12,(anonymous_3)
FNDA:13,(anonymous_4)
FNDA:12,(anonymous_5)
FNDA:1,(anonymous_6)
DA:36,21
DA:37,21
DA:39,21
DA:44,21
DA:45,18
DA:70,12
DA:107,13
DA:119,12
DA:120,12
DA:123,1
DA:131,0
DA:132,0
DA:145,0
LF:13
LH:10
BRDA:37,0,0,21
BRDA:37,0,1,18
BRDA:37,0,2,17
BRDA:44,1,0,3
BRDA:44,1,1,18
BRDA:45,2,0,5
BRDA:45,2,1,13
BRDA:48,3,0,21
BRDA:48,3,1,3
BRDA:51,4,0,21
BRDA:51,4,1,17
BRDA:51,4,2,17
BRDA:58,5,0,21
BRDA:58,5,1,3
BRDA:67,6,0,21
BRDA:67,6,1,18
BRDA:67,6,2,12
BRDA:82,7,0,12
BRDA:82,7,1,1
BRDA:88,8,0,12
BRDA:88,8,1,12
BRDA:93,9,0,12
BRDA:93,9,1,12
BRDA:96,10,0,1
BRDA:96,10,1,11
BRDA:99,11,0,12
BRDA:99,11,1,12
BRDA:104,12,0,12
BRDA:104,12,1,12
BRDA:119,13,0,12
BRDA:119,13,1,0
BRDA:131,14,0,0
BRDA:131,14,1,0
BRDA:154,15,0,21
BRDA:154,15,1,5
BRDA:210,16,0,3
BRDA:210,16,1,18
BRDA:214,17,0,21
BRDA:214,17,1,5
BRDA:219,18,0,21
BRDA:219,18,1,12
BRF:41
BRH:38
end_of_record
TN:
SF:src/components/onboarding/steps/StepWelcome.tsx
FN:11,StepWelcome
FNF:1
FNH:1
FNDA:13,StepWelcome
DA:12,13
LF:1
LH:1
BRF:0
BRH:0
end_of_record
TN:
SF:src/lib/devErrorStore.ts
FN:27,generateId
FN:31,getErrors
FN:42,saveErrors
FN:51,(anonymous_3)
FN:54,addError
FN:69,getAllErrors
FN:73,clearErrors
FN:77,getErrorCount
FN:81,subscribe
FN:83,(anonymous_9)
FN:84,(anonymous_10)
FN:92,installGlobalErrorCapture
FN:98,(anonymous_12)
FN:111,(anonymous_13)
FN:122,(anonymous_14)
FN:125,(anonymous_15)
FN:141,(anonymous_16)
FN:150,captureReactError
FNF:18
FNH:13
FNDA:226,generateId
FNDA:237,getErrors
FNDA:252,saveErrors
FNDA:4,(anonymous_3)
FNDA:226,addError
FNDA:8,getAllErrors
FNDA:26,clearErrors
FNDA:3,getErrorCount
FNDA:5,subscribe
FNDA:5,(anonymous_9)
FNDA:6,(anonymous_10)
FNDA:4,installGlobalErrorCapture
FNDA:0,(anonymous_12)
FNDA:0,(anonymous_13)
FNDA:0,(anonymous_14)
FNDA:0,(anonymous_15)
FNDA:0,(anonymous_16)
FNDA:4,captureReactError
DA:21,1
DA:22,1
DA:24,1
DA:25,1
DA:28,226
DA:32,237
DA:33,0
DA:34,0
DA:35,0
DA:37,0
DA:39,0
DA:43,252
DA:44,252
DA:45,252
DA:48,0
DA:49,0
DA:51,252
DA:57,226
DA:64,226
DA:65,226
DA:66,226
DA:70,8
DA:74,26
DA:78,3
DA:82,5
DA:83,5
DA:84,6
DA:90,1
DA:93,4
DA:94,1
DA:97,1
DA:98,1
DA:99,0
DA:107,0
DA:111,1
DA:112,0
DA:113,0
DA:121,1
DA:122,1
DA:124,0
DA:126,0
DA:127,0
DA:128,0
DA:129,0
DA:131,0
DA:137,0
DA:138,0
DA:141,0
DA:145,0
DA:151,4
DA:152,4
LF:51
LH:30
BRDA:32,0,0,237
BRDA:32,0,1,0
BRDA:35,1,0,0
BRDA:35,1,1,0
BRDA:93,2,0,3
BRDA:93,2,1,1
BRDA:93,3,0,4
BRDA:93,3,1,1
BRDA:101,4,0,0
BRDA:101,4,1,0
BRDA:103,5,0,0
BRDA:103,5,1,0
BRDA:104,6,0,0
BRDA:104,6,1,0
BRDA:105,7,0,0
BRDA:105,7,1,0
BRDA:107,8,0,0
BRDA:107,8,1,0
BRDA:115,9,0,0
BRDA:115,9,1,0
BRDA:126,10,0,0
BRDA:126,10,1,0
BRDA:127,11,0,0
BRDA:127,11,1,0
BRDA:137,12,0,0
BRDA:137,12,1,0
BRDA:151,13,0,0
BRDA:151,13,1,4
BRDA:156,14,0,4
BRDA:156,14,1,3
BRF:30
BRH:8
end_of_record
